<?xml version="1.0" encoding="UTF-8"?>
<!-- Generated by org.testng.reporters.JUnitXMLReporter -->
<testsuite hostname="LAPTOP-LGCBLSRU" ignored="1" name="Default test" tests="3" failures="0" timestamp="26 Jul 2019 11:40:29 GMT" time="43.393" errors="0">
  <testcase name="navigatepage" time="1.019" classname="com.qa.secondproject.testcase.SimpleformDemetest"/>
  <testcase name="validateTitle" time="0.027" classname="com.qa.secondproject.testcase.SimpleformDemetest"/>
  <testcase name="msgTest" time="0.847" classname="com.qa.secondproject.testcase.SimpleformDemetest"/>
  <testcase name="sum" time="0.0" classname="com.qa.secondproject.testcase.SimpleformDemetest">
    <ignored/>
  </testcase> <!-- sum -->
</testsuite> <!-- Default test -->
