<?xml version="1.0" encoding="UTF-8"?>
<testng-results skipped="0" failed="0" ignored="1" total="4" passed="3">
  <reporter-output>
  </reporter-output>
  <suite name="Default suite" duration-ms="43393" started-at="2019-07-26T11:39:45Z" finished-at="2019-07-26T11:40:29Z">
    <groups>
    </groups>
    <test name="Default test" duration-ms="43393" started-at="2019-07-26T11:39:45Z" finished-at="2019-07-26T11:40:29Z">
      <class name="com.qa.secondproject.testcase.SimpleformDemetest">
        <test-method status="PASS" signature="setup()[pri:0, instance:com.qa.secondproject.testcase.SimpleformDemetest@5c3bd550]" name="setup" is-config="true" duration-ms="19168" started-at="2019-07-26T11:39:45Z" finished-at="2019-07-26T11:40:04Z">
          <reporter-output>
          </reporter-output>
        </test-method> <!-- setup -->
        <test-method status="PASS" signature="navigatepage()[pri:1, instance:com.qa.secondproject.testcase.SimpleformDemetest@5c3bd550]" name="navigatepage" duration-ms="1019" started-at="2019-07-26T11:40:04Z" finished-at="2019-07-26T11:40:05Z">
          <reporter-output>
          </reporter-output>
        </test-method> <!-- navigatepage -->
        <test-method status="PASS" signature="tearDown()[pri:0, instance:com.qa.secondproject.testcase.SimpleformDemetest@5c3bd550]" name="tearDown" is-config="true" duration-ms="703" started-at="2019-07-26T11:40:05Z" finished-at="2019-07-26T11:40:06Z">
          <reporter-output>
          </reporter-output>
        </test-method> <!-- tearDown -->
        <test-method status="PASS" signature="setup()[pri:0, instance:com.qa.secondproject.testcase.SimpleformDemetest@5c3bd550]" name="setup" is-config="true" duration-ms="10273" started-at="2019-07-26T11:40:06Z" finished-at="2019-07-26T11:40:16Z">
          <reporter-output>
          </reporter-output>
        </test-method> <!-- setup -->
        <test-method status="PASS" signature="validateTitle()[pri:2, instance:com.qa.secondproject.testcase.SimpleformDemetest@5c3bd550]" name="validateTitle" duration-ms="27" started-at="2019-07-26T11:40:16Z" finished-at="2019-07-26T11:40:16Z">
          <reporter-output>
          </reporter-output>
        </test-method> <!-- validateTitle -->
        <test-method status="PASS" signature="tearDown()[pri:0, instance:com.qa.secondproject.testcase.SimpleformDemetest@5c3bd550]" name="tearDown" is-config="true" duration-ms="702" started-at="2019-07-26T11:40:16Z" finished-at="2019-07-26T11:40:17Z">
          <reporter-output>
          </reporter-output>
        </test-method> <!-- tearDown -->
        <test-method status="PASS" signature="setup()[pri:0, instance:com.qa.secondproject.testcase.SimpleformDemetest@5c3bd550]" name="setup" is-config="true" duration-ms="9977" started-at="2019-07-26T11:40:17Z" finished-at="2019-07-26T11:40:27Z">
          <reporter-output>
          </reporter-output>
        </test-method> <!-- setup -->
        <test-method status="PASS" signature="msgTest()[pri:3, instance:com.qa.secondproject.testcase.SimpleformDemetest@5c3bd550]" name="msgTest" duration-ms="847" started-at="2019-07-26T11:40:27Z" finished-at="2019-07-26T11:40:28Z">
          <reporter-output>
          </reporter-output>
        </test-method> <!-- msgTest -->
        <test-method status="PASS" signature="tearDown()[pri:0, instance:com.qa.secondproject.testcase.SimpleformDemetest@5c3bd550]" name="tearDown" is-config="true" duration-ms="644" started-at="2019-07-26T11:40:28Z" finished-at="2019-07-26T11:40:29Z">
          <reporter-output>
          </reporter-output>
        </test-method> <!-- tearDown -->
      </class> <!-- com.qa.secondproject.testcase.SimpleformDemetest -->
    </test> <!-- Default test -->
  </suite> <!-- Default suite -->
</testng-results>
